
> vibe-generated-app@1.0.0 dev
> vite


  VITE v5.4.20  ready in 229 ms

  ➜  Local:   http://localhost:3000/
  ➜  Network: http://172.20.131.252:3000/
2:08:13 PM [vite] Pre-transform error: Transform failed with 1 error:
/home/workspace/src/components/Dashboard.jsx:27:481: ERROR: Expected "}" but found ")"
2:08:14 PM [vite] Internal server error: Transform failed with 1 error:
/home/workspace/src/components/Dashboard.jsx:27:481: ERROR: Expected "}" but found ")"
  Plugin: vite:esbuild
  File: /home/workspace/src/components/Dashboard.jsx:27:481
  
  Expected "}" but found ")"
  25 |      // Radar: pattern mastery
  26 |      const patternMap=by('pattern');
  27 |      const radar=new Chart(radarRef.current,{ type:'radar', data:{ labels:Object.keys(patternMap), datasets:[{ label:'Mastery', data:Object.values(patternMap), backgroundColor:'rgba(59,130,246,0.2)', borderColor:'#3b82f6' }] }, options:{ scales:{ r:{ angleLines:{color:'rgba(255,255,255,.1)'}, grid:{color:'rgba(255,255,255,.1)'}, pointLabels:{ color: getComputedStyle(document.documentElement).classList.contains('dark')?'#fff':'#0f172a' } } }, plugins:{ legend:{display:false} } });
     |                                                                                                                                                                                                                                                                                                                                                                                                                                                                                                   ^
  28 |  
  29 |      // Bar: difficulty distribution
  
      at failureErrorWithLog (/home/workspace/node_modules/esbuild/lib/main.js:1472:15)
      at /home/workspace/node_modules/esbuild/lib/main.js:755:50
      at responseCallbacks.<computed> (/home/workspace/node_modules/esbuild/lib/main.js:622:9)
      at handleIncomingPacket (/home/workspace/node_modules/esbuild/lib/main.js:677:12)
      at Socket.readFromStdout (/home/workspace/node_modules/esbuild/lib/main.js:600:7)
      at Socket.emit (node:events:508:28)
      at addChunk (node:internal/streams/readable:559:12)
      at readableAddChunkPushByteMode (node:internal/streams/readable:510:3)
      at Readable.push (node:internal/streams/readable:390:5)
      at Pipe.onStreamRead (node:internal/stream_base_commons:189:23)
